# JRE version: Java(TM) SE Runtime Environment (8.0_101-b13) (build 1.8.0_101-b13)
# Java VM: Java HotSpot(TM) 64-Bit Server VM (25.101-b13 mixed mode windows-amd64 compressed oops)
Heap:
 PSYoungGen      total 142336K, used 10233K [0x00000000d5600000, 0x00000000e7400000, 0x0000000100000000)
  eden space 132096K, 0% used [0x00000000d5600000,0x00000000d5600000,0x00000000dd700000)
  from space 10240K, 99% used [0x00000000dd700000,0x00000000de0fe470,0x00000000de100000)
  to   space 14336K, 0% used [0x00000000e6600000,0x00000000e6600000,0x00000000e7400000)
 ParOldGen       total 87552K, used 15139K [0x0000000080200000, 0x0000000085780000, 0x00000000d5600000)
  object space 87552K, 17% used [0x0000000080200000,0x00000000810c8ce8,0x0000000085780000)
 Metaspace       used 20572K, capacity 21080K, committed 21296K, reserved 1069056K
  class space    used 2431K, capacity 2601K, committed 2688K, reserved 1048576K
GC Heap History (10 events):
Event: 2.860 GC heap after
Heap after GC invocations=3 (full 0):
 PSYoungGen      total 38400K, used 5104K [0x00000000d5600000, 0x00000000da100000, 0x0000000100000000)
  eden space 33280K, 0% used [0x00000000d5600000,0x00000000d5600000,0x00000000d7680000)
  from space 5120K, 99% used [0x00000000d7680000,0x00000000d7b7c030,0x00000000d7b80000)
  to   space 5120K, 0% used [0x00000000d9c00000,0x00000000d9c00000,0x00000000da100000)
 ParOldGen       total 87552K, used 5296K [0x0000000080200000, 0x0000000085780000, 0x00000000d5600000)
  object space 87552K, 6% used [0x0000000080200000,0x000000008072c340,0x0000000085780000)
 Metaspace       used 14492K, capacity 14720K, committed 14976K, reserved 1062912K
  class space    used 1787K, capacity 1880K, committed 1920K, reserved 1048576K
}
Event: 3.435 GC heap before
{Heap before GC invocations=4 (full 0):
 PSYoungGen      total 38400K, used 38384K [0x00000000d5600000, 0x00000000da100000, 0x0000000100000000)
  eden space 33280K, 100% used [0x00000000d5600000,0x00000000d7680000,0x00000000d7680000)
  from space 5120K, 99% used [0x00000000d7680000,0x00000000d7b7c030,0x00000000d7b80000)
  to   space 5120K, 0% used [0x00000000d9c00000,0x00000000d9c00000,0x00000000da100000)
 ParOldGen       total 87552K, used 5296K [0x0000000080200000, 0x0000000085780000, 0x00000000d5600000)
  object space 87552K, 6% used [0x0000000080200000,0x000000008072c340,0x0000000085780000)
 Metaspace       used 14643K, capacity 14918K, committed 15232K, reserved 1062912K
  class space    used 1788K, capacity 1881K, committed 1920K, reserved 1048576K
Event: 3.454 GC heap after
Heap after GC invocations=4 (full 0):
 PSYoungGen      total 71680K, used 5088K [0x00000000d5600000, 0x00000000da100000, 0x0000000100000000)
  eden space 66560K, 0% used [0x00000000d5600000,0x00000000d5600000,0x00000000d9700000)
  from space 5120K, 99% used [0x00000000d9c00000,0x00000000da0f8040,0x00000000da100000)
  to   space 5120K, 0% used [0x00000000d9700000,0x00000000d9700000,0x00000000d9c00000)
 ParOldGen       total 87552K, used 6468K [0x0000000080200000, 0x0000000085780000, 0x00000000d5600000)
  object space 87552K, 7% used [0x0000000080200000,0x0000000080851350,0x0000000085780000)
 Metaspace       used 14643K, capacity 14918K, committed 15232K, reserved 1062912K
  class space    used 1788K, capacity 1881K, committed 1920K, reserved 1048576K
}
Event: 4.429 GC heap before
{Heap before GC invocations=5 (full 0):
 PSYoungGen      total 71680K, used 71648K [0x00000000d5600000, 0x00000000da100000, 0x0000000100000000)
  eden space 66560K, 100% used [0x00000000d5600000,0x00000000d9700000,0x00000000d9700000)
  from space 5120K, 99% used [0x00000000d9c00000,0x00000000da0f8040,0x00000000da100000)
  to   space 5120K, 0% used [0x00000000d9700000,0x00000000d9700000,0x00000000d9c00000)
 ParOldGen       total 87552K, used 6468K [0x0000000080200000, 0x0000000085780000, 0x00000000d5600000)
  object space 87552K, 7% used [0x0000000080200000,0x0000000080851350,0x0000000085780000)
 Metaspace       used 15009K, capacity 15244K, committed 15488K, reserved 1062912K
  class space    used 1791K, capacity 1882K, committed 1920K, reserved 1048576K
Event: 4.445 GC heap after
Heap after GC invocations=5 (full 0):
 PSYoungGen      total 71680K, used 5104K [0x00000000d5600000, 0x00000000dea00000, 0x0000000100000000)
  eden space 66560K, 0% used [0x00000000d5600000,0x00000000d5600000,0x00000000d9700000)
  from space 5120K, 99% used [0x00000000d9700000,0x00000000d9bfc010,0x00000000d9c00000)
  to   space 9216K, 0% used [0x00000000de100000,0x00000000de100000,0x00000000dea00000)
 ParOldGen       total 87552K, used 9060K [0x0000000080200000, 0x0000000085780000, 0x00000000d5600000)
  object space 87552K, 10% used [0x0000000080200000,0x0000000080ad9350,0x0000000085780000)
 Metaspace       used 15009K, capacity 15244K, committed 15488K, reserved 1062912K
  class space    used 1791K, capacity 1882K, committed 1920K, reserved 1048576K
}
Event: 5.924 GC heap before
{Heap before GC invocations=6 (full 0):
 PSYoungGen      total 71680K, used 71664K [0x00000000d5600000, 0x00000000dea00000, 0x0000000100000000)
  eden space 66560K, 100% used [0x00000000d5600000,0x00000000d9700000,0x00000000d9700000)
  from space 5120K, 99% used [0x00000000d9700000,0x00000000d9bfc010,0x00000000d9c00000)
  to   space 9216K, 0% used [0x00000000de100000,0x00000000de100000,0x00000000dea00000)
 ParOldGen       total 87552K, used 9060K [0x0000000080200000, 0x0000000085780000, 0x00000000d5600000)
  object space 87552K, 10% used [0x0000000080200000,0x0000000080ad9350,0x0000000085780000)
 Metaspace       used 16020K, capacity 16348K, committed 16640K, reserved 1064960K
  class space    used 1887K, capacity 1990K, committed 2048K, reserved 1048576K
Event: 5.956 GC heap after
Heap after GC invocations=6 (full 0):
 PSYoungGen      total 141312K, used 9208K [0x00000000d5600000, 0x00000000dec00000, 0x0000000100000000)
  eden space 132096K, 0% used [0x00000000d5600000,0x00000000d5600000,0x00000000dd700000)
  from space 9216K, 99% used [0x00000000de100000,0x00000000de9fe090,0x00000000dea00000)
  to   space 10240K, 0% used [0x00000000dd700000,0x00000000dd700000,0x00000000de100000)
 ParOldGen       total 87552K, used 9648K [0x0000000080200000, 0x0000000085780000, 0x00000000d5600000)
  object space 87552K, 11% used [0x0000000080200000,0x0000000080b6c318,0x0000000085780000)
 Metaspace       used 16020K, capacity 16348K, committed 16640K, reserved 1064960K
  class space    used 1887K, capacity 1990K, committed 2048K, reserved 1048576K
}
Event: 15.012 GC heap before
{Heap before GC invocations=7 (full 0):
 PSYoungGen      total 141312K, used 137516K [0x00000000d5600000, 0x00000000dec00000, 0x0000000100000000)
  eden space 132096K, 97% used [0x00000000d5600000,0x00000000dd34cfc0,0x00000000dd700000)
  from space 9216K, 99% used [0x00000000de100000,0x00000000de9fe090,0x00000000dea00000)
  to   space 10240K, 0% used [0x00000000dd700000,0x00000000dd700000,0x00000000de100000)
 ParOldGen       total 87552K, used 9648K [0x0000000080200000, 0x0000000085780000, 0x00000000d5600000)
  object space 87552K, 11% used [0x0000000080200000,0x0000000080b6c318,0x0000000085780000)
 Metaspace       used 20572K, capacity 21080K, committed 21296K, reserved 1069056K
  class space    used 2431K, capacity 2601K, committed 2688K, reserved 1048576K
Event: 15.039 GC heap after
Heap after GC invocations=7 (full 0):
 PSYoungGen      total 142336K, used 10233K [0x00000000d5600000, 0x00000000e7400000, 0x0000000100000000)
  eden space 132096K, 0% used [0x00000000d5600000,0x00000000d5600000,0x00000000dd700000)
  from space 10240K, 99% used [0x00000000dd700000,0x00000000de0fe470,0x00000000de100000)
  to   space 14336K, 0% used [0x00000000e6600000,0x00000000e6600000,0x00000000e7400000)
 ParOldGen       total 87552K, used 15139K [0x0000000080200000, 0x0000000085780000, 0x00000000d5600000)
  object space 87552K, 17% used [0x0000000080200000,0x00000000810c8ce8,0x0000000085780000)
 Metaspace       used 20572K, capacity 21080K, committed 21296K, reserved 1069056K
  class space    used 2431K, capacity 2601K, committed 2688K, reserved 1048576K
}
Event: 15.039 GC heap before
{Heap before GC invocations=8 (full 1):
 PSYoungGen      total 142336K, used 10233K [0x00000000d5600000, 0x00000000e7400000, 0x0000000100000000)
  eden space 132096K, 0% used [0x00000000d5600000,0x00000000d5600000,0x00000000dd700000)
  from space 10240K, 99% used [0x00000000dd700000,0x00000000de0fe470,0x00000000de100000)
  to   space 14336K, 0% used [0x00000000e6600000,0x00000000e6600000,0x00000000e7400000)
 ParOldGen       total 87552K, used 15139K [0x0000000080200000, 0x0000000085780000, 0x00000000d5600000)
  object space 87552K, 17% used [0x0000000080200000,0x00000000810c8ce8,0x0000000085780000)
 Metaspace       used 20572K, capacity 21080K, committed 21296K, reserved 1069056K
  class space    used 2431K, capacity 2601K, committed 2688K, reserved 1048576K

